[debug] [2020-09-26T19:26:43.872Z] ----------------------------------------------------------------------
[debug] [2020-09-26T19:26:43.875Z] Command:       /Users/macbookair/.nvm/versions/node/v12.18.2/bin/node /Users/macbookair/.nvm/versions/node/v12.18.2/bin/firebase deploy
[debug] [2020-09-26T19:26:43.875Z] CLI Version:   8.11.2
[debug] [2020-09-26T19:26:43.875Z] Platform:      darwin
[debug] [2020-09-26T19:26:43.875Z] Node Version:  v12.18.2
[debug] [2020-09-26T19:26:43.877Z] Time:          Sat Sep 26 2020 22:26:43 GMT+0300 (Eastern European Summer Time)
[debug] [2020-09-26T19:26:43.877Z] ----------------------------------------------------------------------
[debug] [2020-09-26T19:26:43.877Z] 
[debug] [2020-09-26T19:26:43.890Z] > command requires scopes: ["email","openid","https://www.googleapis.com/auth/cloudplatformprojects.readonly","https://www.googleapis.com/auth/firebase","https://www.googleapis.com/auth/cloud-platform"]
[debug] [2020-09-26T19:26:43.891Z] > authorizing via signed-in user
[debug] [2020-09-26T19:26:43.891Z] [iam] checking project deputy-app for permissions ["cloudfunctions.functions.create","cloudfunctions.functions.delete","cloudfunctions.functions.get","cloudfunctions.functions.list","cloudfunctions.functions.update","cloudfunctions.operations.get","firebase.projects.get","firebasehosting.sites.update"]
[debug] [2020-09-26T19:26:43.895Z] >>> HTTP REQUEST POST https://cloudresourcemanager.googleapis.com/v1/projects/deputy-app:testIamPermissions  
 {"permissions":["cloudfunctions.functions.create","cloudfunctions.functions.delete","cloudfunctions.functions.get","cloudfunctions.functions.list","cloudfunctions.functions.update","cloudfunctions.operations.get","firebase.projects.get","firebasehosting.sites.update"]}
[debug] [2020-09-26T19:26:44.771Z] <<< HTTP RESPONSE 200 {"content-type":"application/json; charset=UTF-8","vary":"X-Origin, Referer, Origin,Accept-Encoding","date":"Sat, 26 Sep 2020 19:26:33 GMT","server":"ESF","cache-control":"private","x-xss-protection":"0","x-frame-options":"SAMEORIGIN","x-content-type-options":"nosniff","server-timing":"gfet4t7; dur=704","alt-svc":"h3-Q050=\":443\"; ma=2592000,h3-29=\":443\"; ma=2592000,h3-27=\":443\"; ma=2592000,h3-T051=\":443\"; ma=2592000,h3-T050=\":443\"; ma=2592000,h3-Q046=\":443\"; ma=2592000,h3-Q043=\":443\"; ma=2592000,quic=\":443\"; ma=2592000; v=\"46,43\"","accept-ranges":"none","transfer-encoding":"chunked"}
[debug] [2020-09-26T19:26:44.773Z] >>> HTTP REQUEST POST https://iam.googleapis.com/v1/projects/deputy-app/serviceAccounts/deputy-app@appspot.gserviceaccount.com:testIamPermissions  
 {"permissions":["iam.serviceAccounts.actAs"]}
[debug] [2020-09-26T19:26:45.613Z] <<< HTTP RESPONSE 200 {"content-type":"application/json; charset=UTF-8","vary":"X-Origin, Referer, Origin,Accept-Encoding","date":"Sat, 26 Sep 2020 19:26:34 GMT","server":"ESF","cache-control":"private","x-xss-protection":"0","x-frame-options":"SAMEORIGIN","x-content-type-options":"nosniff","alt-svc":"h3-Q050=\":443\"; ma=2592000,h3-29=\":443\"; ma=2592000,h3-27=\":443\"; ma=2592000,h3-T051=\":443\"; ma=2592000,h3-T050=\":443\"; ma=2592000,h3-Q046=\":443\"; ma=2592000,h3-Q043=\":443\"; ma=2592000,quic=\":443\"; ma=2592000; v=\"46,43\"","accept-ranges":"none","transfer-encoding":"chunked"}
[debug] [2020-09-26T19:26:45.616Z] >>> HTTP REQUEST GET https://firebase.googleapis.com/v1beta1/projects/deputy-app  
 
[debug] [2020-09-26T19:26:45.896Z] <<< HTTP RESPONSE 200 {"content-type":"application/json; charset=UTF-8","vary":"X-Origin, Referer, Origin,Accept-Encoding","date":"Sat, 26 Sep 2020 19:26:34 GMT","server":"ESF","cache-control":"private","x-xss-protection":"0","x-frame-options":"SAMEORIGIN","x-content-type-options":"nosniff","alt-svc":"h3-Q050=\":443\"; ma=2592000,h3-29=\":443\"; ma=2592000,h3-27=\":443\"; ma=2592000,h3-T051=\":443\"; ma=2592000,h3-T050=\":443\"; ma=2592000,h3-Q046=\":443\"; ma=2592000,h3-Q043=\":443\"; ma=2592000,quic=\":443\"; ma=2592000; v=\"46,43\"","accept-ranges":"none","transfer-encoding":"chunked"}
[debug] [2020-09-26T19:26:47.146Z] getFunctionsSDKVersion was unable to retrieve 'firebase-functions' version
[info] 
[info] === Deploying to 'deputy-app'...
[info] 
[info] i  deploying functions, hosting 
[debug] [2020-09-26T19:26:47.151Z] > [functions] package.json contents: {
  "name": "functions",
  "description": "Cloud Functions for Firebase",
  "scripts": {
    "serve": "firebase emulators:start --only functions",
    "shell": "firebase functions:shell",
    "start": "npm run shell",
    "deploy": "firebase deploy --only functions",
    "logs": "firebase functions:log"
  },
  "engines": {
    "node": "10"
  },
  "main": "index.js",
  "dependencies": {
    "firebase-admin": "^8.10.0",
    "firebase-functions": "^3.6.1"
  },
  "devDependencies": {
    "firebase-functions-test": "^0.2.0"
  },
  "private": true
}
[debug] [2020-09-26T19:26:47.740Z] getFunctionsSDKVersion was unable to retrieve 'firebase-functions' version
[info] i  functions: ensuring required API cloudfunctions.googleapis.com is enabled... 
[info] i  functions: ensuring required API cloudbuild.googleapis.com is enabled... 
[debug] [2020-09-26T19:26:47.744Z] >>> HTTP REQUEST GET https://serviceusage.googleapis.com/v1/projects/deputy-app/services/cloudfunctions.googleapis.com  
 
[debug] [2020-09-26T19:26:47.745Z] >>> HTTP REQUEST GET https://serviceusage.googleapis.com/v1/projects/deputy-app/services/runtimeconfig.googleapis.com  
 
[debug] [2020-09-26T19:26:47.745Z] >>> HTTP REQUEST GET https://serviceusage.googleapis.com/v1/projects/deputy-app/services/cloudbuild.googleapis.com  
 
[debug] [2020-09-26T19:26:48.693Z] <<< HTTP RESPONSE 200 {"content-type":"application/json; charset=UTF-8","vary":"X-Origin, Referer, Origin,Accept-Encoding","date":"Sat, 26 Sep 2020 19:26:37 GMT","server":"ESF","cache-control":"private","x-xss-protection":"0","x-frame-options":"SAMEORIGIN","x-content-type-options":"nosniff","alt-svc":"h3-Q050=\":443\"; ma=2592000,h3-29=\":443\"; ma=2592000,h3-27=\":443\"; ma=2592000,h3-T051=\":443\"; ma=2592000,h3-T050=\":443\"; ma=2592000,h3-Q046=\":443\"; ma=2592000,h3-Q043=\":443\"; ma=2592000,quic=\":443\"; ma=2592000; v=\"46,43\"","accept-ranges":"none","transfer-encoding":"chunked"}
[info] ✔  functions: required API cloudfunctions.googleapis.com is enabled 
[debug] [2020-09-26T19:26:48.696Z] <<< HTTP RESPONSE 200 {"content-type":"application/json; charset=UTF-8","vary":"X-Origin, Referer, Origin,Accept-Encoding","date":"Sat, 26 Sep 2020 19:26:37 GMT","server":"ESF","cache-control":"private","x-xss-protection":"0","x-frame-options":"SAMEORIGIN","x-content-type-options":"nosniff","alt-svc":"h3-Q050=\":443\"; ma=2592000,h3-29=\":443\"; ma=2592000,h3-27=\":443\"; ma=2592000,h3-T051=\":443\"; ma=2592000,h3-T050=\":443\"; ma=2592000,h3-Q046=\":443\"; ma=2592000,h3-Q043=\":443\"; ma=2592000,quic=\":443\"; ma=2592000; v=\"46,43\"","accept-ranges":"none","transfer-encoding":"chunked"}
[info] ✔  functions: required API cloudbuild.googleapis.com is enabled 
[debug] [2020-09-26T19:27:06.287Z] Error: connect ETIMEDOUT 172.217.16.42:443
    at TCPConnectWrap.afterConnect [as oncomplete] (net.js:1141:16)
[error] 
[error] Error: Server Error. connect ETIMEDOUT 172.217.16.42:443
[debug] [2020-09-27T11:19:34.871Z] ----------------------------------------------------------------------
[debug] [2020-09-27T11:19:34.875Z] Command:       /Users/macbookair/.nvm/versions/node/v12.18.2/bin/node /Users/macbookair/.nvm/versions/node/v12.18.2/bin/firebase deploy
[debug] [2020-09-27T11:19:34.876Z] CLI Version:   8.11.2
[debug] [2020-09-27T11:19:34.876Z] Platform:      darwin
[debug] [2020-09-27T11:19:34.876Z] Node Version:  v12.18.2
[debug] [2020-09-27T11:19:34.895Z] Time:          Sun Sep 27 2020 14:19:34 GMT+0300 (Eastern European Summer Time)
[debug] [2020-09-27T11:19:34.896Z] ----------------------------------------------------------------------
[debug] [2020-09-27T11:19:34.896Z] 
[debug] [2020-09-27T11:19:34.915Z] > command requires scopes: ["email","openid","https://www.googleapis.com/auth/cloudplatformprojects.readonly","https://www.googleapis.com/auth/firebase","https://www.googleapis.com/auth/cloud-platform"]
[debug] [2020-09-27T11:19:34.916Z] > authorizing via signed-in user
[debug] [2020-09-27T11:19:34.916Z] [iam] checking project deputy-app for permissions ["cloudfunctions.functions.create","cloudfunctions.functions.delete","cloudfunctions.functions.get","cloudfunctions.functions.list","cloudfunctions.functions.update","cloudfunctions.operations.get","firebase.projects.get","firebasehosting.sites.update"]
[debug] [2020-09-27T11:19:34.919Z] > refreshing access token with scopes: ["email","https://www.googleapis.com/auth/cloud-platform","https://www.googleapis.com/auth/cloudplatformprojects.readonly","https://www.googleapis.com/auth/firebase","openid"]
[debug] [2020-09-27T11:19:34.919Z] >>> HTTP REQUEST POST https://www.googleapis.com/oauth2/v3/token  
 <request body omitted>
[debug] [2020-09-27T11:19:35.143Z] <<< HTTP RESPONSE 200 {"content-type":"application/json; charset=utf-8","vary":"X-Origin, Referer, Origin,Accept-Encoding","date":"Sun, 27 Sep 2020 11:19:23 GMT","server":"scaffolding on HTTPServer2","cache-control":"private","x-xss-protection":"0","x-frame-options":"SAMEORIGIN","x-content-type-options":"nosniff","alt-svc":"h3-Q050=\":443\"; ma=2592000,h3-29=\":443\"; ma=2592000,h3-27=\":443\"; ma=2592000,h3-T051=\":443\"; ma=2592000,h3-T050=\":443\"; ma=2592000,h3-Q046=\":443\"; ma=2592000,h3-Q043=\":443\"; ma=2592000,quic=\":443\"; ma=2592000; v=\"46,43\"","accept-ranges":"none","transfer-encoding":"chunked"}
[debug] [2020-09-27T11:19:35.187Z] >>> HTTP REQUEST POST https://cloudresourcemanager.googleapis.com/v1/projects/deputy-app:testIamPermissions  
 {"permissions":["cloudfunctions.functions.create","cloudfunctions.functions.delete","cloudfunctions.functions.get","cloudfunctions.functions.list","cloudfunctions.functions.update","cloudfunctions.operations.get","firebase.projects.get","firebasehosting.sites.update"]}
[debug] [2020-09-27T11:19:36.345Z] <<< HTTP RESPONSE 200 {"content-type":"application/json; charset=UTF-8","vary":"X-Origin, Referer, Origin,Accept-Encoding","date":"Sun, 27 Sep 2020 11:19:24 GMT","server":"ESF","cache-control":"private","x-xss-protection":"0","x-frame-options":"SAMEORIGIN","x-content-type-options":"nosniff","server-timing":"gfet4t7; dur=700","alt-svc":"h3-Q050=\":443\"; ma=2592000,h3-29=\":443\"; ma=2592000,h3-27=\":443\"; ma=2592000,h3-T051=\":443\"; ma=2592000,h3-T050=\":443\"; ma=2592000,h3-Q046=\":443\"; ma=2592000,h3-Q043=\":443\"; ma=2592000,quic=\":443\"; ma=2592000; v=\"46,43\"","accept-ranges":"none","transfer-encoding":"chunked"}
[debug] [2020-09-27T11:19:36.348Z] >>> HTTP REQUEST POST https://iam.googleapis.com/v1/projects/deputy-app/serviceAccounts/deputy-app@appspot.gserviceaccount.com:testIamPermissions  
 {"permissions":["iam.serviceAccounts.actAs"]}
[debug] [2020-09-27T11:20:52.178Z] [functions] service account IAM check errored, deploy may fail: Server Error. connect ETIMEDOUT 216.58.215.74:443 {"name":"FirebaseError","children":[],"exit":2,"message":"Server Error. connect ETIMEDOUT 216.58.215.74:443","original":{"errno":"ETIMEDOUT","code":"ETIMEDOUT","syscall":"connect","address":"216.58.215.74","port":443},"status":500}
[debug] [2020-09-27T11:20:52.181Z] >>> HTTP REQUEST GET https://firebase.googleapis.com/v1beta1/projects/deputy-app  
 
[debug] [2020-09-27T11:20:52.540Z] <<< HTTP RESPONSE 200 {"content-type":"application/json; charset=UTF-8","vary":"X-Origin, Referer, Origin,Accept-Encoding","date":"Sun, 27 Sep 2020 11:20:40 GMT","server":"ESF","cache-control":"private","x-xss-protection":"0","x-frame-options":"SAMEORIGIN","x-content-type-options":"nosniff","alt-svc":"h3-Q050=\":443\"; ma=2592000,h3-29=\":443\"; ma=2592000,h3-27=\":443\"; ma=2592000,h3-T051=\":443\"; ma=2592000,h3-T050=\":443\"; ma=2592000,h3-Q046=\":443\"; ma=2592000,h3-Q043=\":443\"; ma=2592000,quic=\":443\"; ma=2592000; v=\"46,43\"","accept-ranges":"none","transfer-encoding":"chunked"}
[debug] [2020-09-27T11:20:54.056Z] getFunctionsSDKVersion was unable to retrieve 'firebase-functions' version
[info] 
[info] === Deploying to 'deputy-app'...
[info] 
[info] i  deploying functions, hosting 
[debug] [2020-09-27T11:20:54.060Z] > [functions] package.json contents: {
  "name": "functions",
  "description": "Cloud Functions for Firebase",
  "scripts": {
    "serve": "firebase emulators:start --only functions",
    "shell": "firebase functions:shell",
    "start": "npm run shell",
    "deploy": "firebase deploy --only functions",
    "logs": "firebase functions:log"
  },
  "engines": {
    "node": "10"
  },
  "main": "index.js",
  "dependencies": {
    "firebase-admin": "^8.10.0",
    "firebase-functions": "^3.6.1"
  },
  "devDependencies": {
    "firebase-functions-test": "^0.2.0"
  },
  "private": true
}
[debug] [2020-09-27T11:20:54.643Z] getFunctionsSDKVersion was unable to retrieve 'firebase-functions' version
[info] i  functions: ensuring required API cloudfunctions.googleapis.com is enabled... 
[info] i  functions: ensuring required API cloudbuild.googleapis.com is enabled... 
[debug] [2020-09-27T11:20:54.646Z] >>> HTTP REQUEST GET https://serviceusage.googleapis.com/v1/projects/deputy-app/services/cloudfunctions.googleapis.com  
 
[debug] [2020-09-27T11:20:54.647Z] >>> HTTP REQUEST GET https://serviceusage.googleapis.com/v1/projects/deputy-app/services/runtimeconfig.googleapis.com  
 
[debug] [2020-09-27T11:20:54.647Z] >>> HTTP REQUEST GET https://serviceusage.googleapis.com/v1/projects/deputy-app/services/cloudbuild.googleapis.com  
 
[debug] [2020-09-27T11:20:55.605Z] <<< HTTP RESPONSE 200 {"content-type":"application/json; charset=UTF-8","vary":"X-Origin, Referer, Origin,Accept-Encoding","date":"Sun, 27 Sep 2020 11:20:44 GMT","server":"ESF","cache-control":"private","x-xss-protection":"0","x-frame-options":"SAMEORIGIN","x-content-type-options":"nosniff","alt-svc":"h3-Q050=\":443\"; ma=2592000,h3-29=\":443\"; ma=2592000,h3-27=\":443\"; ma=2592000,h3-T051=\":443\"; ma=2592000,h3-T050=\":443\"; ma=2592000,h3-Q046=\":443\"; ma=2592000,h3-Q043=\":443\"; ma=2592000,quic=\":443\"; ma=2592000; v=\"46,43\"","accept-ranges":"none","transfer-encoding":"chunked"}
[debug] [2020-09-27T11:20:55.626Z] <<< HTTP RESPONSE 200 {"content-type":"application/json; charset=UTF-8","vary":"X-Origin, Referer, Origin,Accept-Encoding","date":"Sun, 27 Sep 2020 11:20:44 GMT","server":"ESF","cache-control":"private","x-xss-protection":"0","x-frame-options":"SAMEORIGIN","x-content-type-options":"nosniff","alt-svc":"h3-Q050=\":443\"; ma=2592000,h3-29=\":443\"; ma=2592000,h3-27=\":443\"; ma=2592000,h3-T051=\":443\"; ma=2592000,h3-T050=\":443\"; ma=2592000,h3-Q046=\":443\"; ma=2592000,h3-Q043=\":443\"; ma=2592000,quic=\":443\"; ma=2592000; v=\"46,43\"","accept-ranges":"none","transfer-encoding":"chunked"}
[info] ✔  functions: required API cloudbuild.googleapis.com is enabled 
[debug] [2020-09-27T11:20:55.654Z] <<< HTTP RESPONSE 200 {"content-type":"application/json; charset=UTF-8","vary":"X-Origin, Referer, Origin,Accept-Encoding","date":"Sun, 27 Sep 2020 11:20:44 GMT","server":"ESF","cache-control":"private","x-xss-protection":"0","x-frame-options":"SAMEORIGIN","x-content-type-options":"nosniff","alt-svc":"h3-Q050=\":443\"; ma=2592000,h3-29=\":443\"; ma=2592000,h3-27=\":443\"; ma=2592000,h3-T051=\":443\"; ma=2592000,h3-T050=\":443\"; ma=2592000,h3-Q046=\":443\"; ma=2592000,h3-Q043=\":443\"; ma=2592000,quic=\":443\"; ma=2592000; v=\"46,43\"","accept-ranges":"none","transfer-encoding":"chunked"}
[info] ✔  functions: required API cloudfunctions.googleapis.com is enabled 
[debug] [2020-09-27T11:20:55.656Z] >>> HTTP REQUEST GET https://firebase.googleapis.com/v1beta1/projects/deputy-app/adminSdkConfig  
 
[debug] [2020-09-27T11:20:56.075Z] <<< HTTP RESPONSE 200 {"content-type":"application/json; charset=UTF-8","vary":"X-Origin, Referer, Origin,Accept-Encoding","date":"Sun, 27 Sep 2020 11:20:44 GMT","server":"ESF","cache-control":"private","x-xss-protection":"0","x-frame-options":"SAMEORIGIN","x-content-type-options":"nosniff","alt-svc":"h3-Q050=\":443\"; ma=2592000,h3-29=\":443\"; ma=2592000,h3-27=\":443\"; ma=2592000,h3-T051=\":443\"; ma=2592000,h3-T050=\":443\"; ma=2592000,h3-Q046=\":443\"; ma=2592000,h3-Q043=\":443\"; ma=2592000,quic=\":443\"; ma=2592000; v=\"46,43\"","accept-ranges":"none","transfer-encoding":"chunked"}
[debug] [2020-09-27T11:20:56.078Z] >>> HTTP REQUEST POST https://firebasehosting.googleapis.com/v1beta1/sites/deputy-app/versions  
 {"config":{},"labels":{"deployment-tool":"cli-firebase"}}
[debug] [2020-09-27T11:22:12.554Z] Error: connect ETIMEDOUT 216.58.209.10:443
    at TCPConnectWrap.afterConnect [as oncomplete] (net.js:1141:16)
[error] 
[error] Error: Server Error. connect ETIMEDOUT 216.58.209.10:443
